<?xml version="1.0" encoding="UTF-8"?>
<!-- Generated by org.testng.reporters.JUnitReportReporter -->
<testsuite hostname="deepthis-mbp.lan" failures="0" tests="1" name="kicchinapp.Put_CatalogProductupdate" time="6.698" errors="0" timestamp="2023-12-27T23:37:47 PST" skipped="0">
  <testcase classname="kicchinapp.Put_CatalogProductupdate" name="renameProduct" time="6.698"/>
  <system-out/>
</testsuite> <!-- kicchinapp.Put_CatalogProductupdate -->
