<?xml version="1.0" encoding="UTF-8"?>
<!-- Generated by org.testng.reporters.JUnitReportReporter -->
<testsuite hostname="deepthis-mbp.lan" failures="0" tests="1" name="kicchinapp.Get_AllProductsInSpecificMenu" time="4.675" errors="0" timestamp="2024-01-02T15:05:02 PST" skipped="0">
  <testcase classname="kicchinapp.Get_AllProductsInSpecificMenu" name="menuAndProducts" time="4.675"/>
  <system-out/>
</testsuite> <!-- kicchinapp.Get_AllProductsInSpecificMenu -->
