<?xml version="1.0" encoding="UTF-8"?>
<!-- Generated by org.testng.reporters.JUnitReportReporter -->
<testsuite hostname="deepthis-mbp.lan" failures="0" tests="1" name="kicchinapp.Post_CatalogFirstProduct" time="6.731" errors="0" timestamp="2023-12-27T23:03:43 PST" skipped="0">
  <testcase classname="kicchinapp.Post_CatalogFirstProduct" name="firstProduct" time="6.731"/>
  <system-out/>
</testsuite> <!-- kicchinapp.Post_CatalogFirstProduct -->
