<?xml version="1.0" encoding="UTF-8"?>
<!-- Generated by org.testng.reporters.JUnitReportReporter -->
<testsuite hostname="deepthis-mbp.lan" failures="0" tests="1" name="kicchinapp.Get_draftmenus" time="4.628" errors="0" timestamp="2024-01-02T16:24:17 PST" skipped="0">
  <testcase classname="kicchinapp.Get_draftmenus" name="draftmenu" time="4.628"/>
  <system-out/>
</testsuite> <!-- kicchinapp.Get_draftmenus -->
