<?xml version="1.0" encoding="UTF-8"?>
<!-- Generated by org.testng.reporters.JUnitReportReporter -->
<testsuite hostname="deepthis-mbp.lan" failures="0" tests="1" name="kicchinapp.Put_updateCatalogProduct" time="4.248" errors="0" timestamp="2023-12-27T23:42:33 PST" skipped="0">
  <testcase classname="kicchinapp.Put_updateCatalogProduct" name="renameCatalogProduct" time="4.248"/>
  <system-out/>
</testsuite> <!-- kicchinapp.Put_updateCatalogProduct -->
