<?xml version="1.0" encoding="UTF-8"?>
<!-- Generated by org.testng.reporters.JUnitReportReporter -->
<testsuite hostname="deepthis-mbp.lan" failures="0" tests="1" name="kicchinapp.Get_allproducts" time="5.169" errors="0" timestamp="2023-12-27T23:55:33 PST" skipped="0">
  <testcase classname="kicchinapp.Get_allproducts" name="allproducts" time="5.169"/>
  <system-out/>
</testsuite> <!-- kicchinapp.Get_allproducts -->
