<?xml version="1.0" encoding="UTF-8"?>
<!-- Generated by org.testng.reporters.JUnitReportReporter -->
<testsuite hostname="deepthis-mbp.lan" failures="0" tests="1" name="apichaining.Cookappchaining" time="10.619" errors="0" timestamp="2023-12-27T21:30:42 PST" skipped="0">
  <testcase classname="apichaining.Cookappchaining" name="chainingMethod" time="10.619"/>
  <system-out/>
</testsuite> <!-- apichaining.Cookappchaining -->
