<?xml version="1.0" encoding="UTF-8"?>
<!-- Generated by org.testng.reporters.JUnitReportReporter -->
<testsuite hostname="deepthis-mbp.lan" failures="0" tests="1" name="kicchinapp.CreateProductInTheCatalog2" time="6.858" errors="0" timestamp="2023-12-27T22:37:09 PST" skipped="0">
  <testcase classname="kicchinapp.CreateProductInTheCatalog2" name="firstProduct" time="6.858"/>
  <system-out/>
</testsuite> <!-- kicchinapp.CreateProductInTheCatalog2 -->
