<?xml version="1.0" encoding="UTF-8"?>
<!-- Generated by org.testng.reporters.JUnitReportReporter -->
<testsuite hostname="deepthis-mbp.lan" failures="0" tests="1" name="kicchinapp.Get_specificproductfromthespecificmenu" time="4.436" errors="0" timestamp="2024-01-02T15:36:54 PST" skipped="0">
  <testcase classname="kicchinapp.Get_specificproductfromthespecificmenu" name="oneProduct" time="4.436"/>
  <system-out/>
</testsuite> <!-- kicchinapp.Get_specificproductfromthespecificmenu -->
