<?xml version="1.0" encoding="UTF-8"?>
<!-- Generated by org.testng.reporters.JUnitReportReporter -->
<testsuite hostname="deepthis-mbp.lan" failures="0" tests="1" name="kicchinapp.Post_CatalogsecondProduct" time="6.497" errors="0" timestamp="2023-12-27T23:15:14 PST" skipped="0">
  <testcase classname="kicchinapp.Post_CatalogsecondProduct" name="firstProduct" time="6.497"/>
  <system-out/>
</testsuite> <!-- kicchinapp.Post_CatalogsecondProduct -->
