<?xml version="1.0" encoding="UTF-8"?>
<!-- Generated by org.testng.reporters.JUnitReportReporter -->
<testsuite hostname="deepthis-mbp.lan" failures="0" tests="1" name="kicchinapp.Get_RetrieveFirstProduct" time="4.476" errors="0" timestamp="2023-12-27T23:04:42 PST" skipped="0">
  <testcase classname="kicchinapp.Get_RetrieveFirstProduct" name="get_firstproduct" time="4.476"/>
  <system-out/>
</testsuite> <!-- kicchinapp.Get_RetrieveFirstProduct -->
