<?xml version="1.0" encoding="UTF-8"?>
<!-- Generated by org.testng.reporters.JUnitReportReporter -->
<testsuite hostname="deepthis-mbp.lan" failures="0" tests="2" name="gherkin_keywords.ApiMethodsWithGherkinKeywords" time="4.208" errors="0" timestamp="2023-12-11T22:12:45 PST" skipped="0">
  <testcase classname="gherkin_keywords.ApiMethodsWithGherkinKeywords" name="createData" time="3.341"/>
  <testcase classname="gherkin_keywords.ApiMethodsWithGherkinKeywords" name="updateData" time="0.867"/>
</testsuite> <!-- gherkin_keywords.ApiMethodsWithGherkinKeywords -->
