<?xml version="1.0" encoding="UTF-8"?>
<!-- Generated by org.testng.reporters.JUnitReportReporter -->
<testsuite hostname="deepthis-mbp.lan" failures="0" tests="1" name="kicchinapp.Del_productdelete" time="4.439" errors="0" timestamp="2023-12-27T23:47:54 PST" skipped="0">
  <testcase classname="kicchinapp.Del_productdelete" name="del_product" time="4.439"/>
  <system-out/>
</testsuite> <!-- kicchinapp.Del_productdelete -->
