<?xml version="1.0" encoding="UTF-8"?>
<!-- Generated by org.testng.reporters.JUnitReportReporter -->
<testsuite hostname="deepthis-mbp.lan" failures="0" tests="1" name="kicchinapp.Get_menusofspecificaccount_specificdate" time="4.396" errors="0" timestamp="2024-01-01T16:18:10 PST" skipped="0">
  <testcase classname="kicchinapp.Get_menusofspecificaccount_specificdate" name="specificdatemenu" time="4.396"/>
  <system-out/>
</testsuite> <!-- kicchinapp.Get_menusofspecificaccount_specificdate -->
