<?xml version="1.0" encoding="UTF-8"?>
<!-- Generated by org.testng.reporters.JUnitReportReporter -->
<testsuite hostname="deepthis-mbp.lan" failures="0" tests="2" name="cook_app.getspecificaccount" time="7.655" errors="0" timestamp="2023-12-18T20:59:27 PST" skipped="0">
  <testcase classname="cook_app.getspecificaccount" name="fetchAccount" time="6.139"/>
  <testcase classname="cook_app.getspecificaccount" name="getspecificproduct" time="1.516"/>
</testsuite> <!-- cook_app.getspecificaccount -->
