<?xml version="1.0" encoding="UTF-8"?>
<!-- Generated by org.testng.reporters.JUnitReportReporter -->
<testsuite hostname="deepthis-mbp.lan" failures="0" tests="1" name="kicchinapp.CreateProductInTheCatalog" time="6.342" errors="0" timestamp="2023-12-27T22:22:49 PST" skipped="0">
  <testcase classname="kicchinapp.CreateProductInTheCatalog" name="firstProduct" time="6.342"/>
  <system-out/>
</testsuite> <!-- kicchinapp.CreateProductInTheCatalog -->
