<?xml version="1.0" encoding="UTF-8"?>
<!-- Generated by org.testng.reporters.JUnitReportReporter -->
<testsuite hostname="deepthis-mbp.lan" failures="0" tests="3" name="day1.apimethods" time="3.262" errors="0" timestamp="2023-12-13T21:32:43 PST" skipped="0">
  <testcase classname="day1.apimethods" name="fetchResource" time="0.439"/>
  <testcase classname="day1.apimethods" name="updateResource" time="0.412"/>
  <testcase classname="day1.apimethods" name="createResource" time="2.411"/>
</testsuite> <!-- day1.apimethods -->
